Build started 12/11/2015 7:02:02 PM.
     1>Project "C:\Users\wizel\Documents\CS3113\Platformer\NYUCodebase\NYUCodebase.vcxproj" on node 2 (Build target(s)).
     1>ClCompile:
         C:\Program Files (x86)\Microsoft Visual Studio 12.0\VC\bin\CL.exe /c /IC:\SDL2\include /IC:\SDL2_image\include /IC:\glew\include /IC:\SDL2_mixer\include /ZI /nologo /W3 /WX- /sdl /Od /Oy- /D _WINDOWS /D _MBCS /D _MBCS /Gm /EHsc /RTC1 /MDd /GS /fp:precise /Zc:wchar_t /Zc:forScope /Fo"Debug\\" /Fd"Debug\vc120.pdb" /Gd /TP /analyze- /errorReport:prompt Game.cpp main.cpp
         Game.cpp
         Generating Code...
     1>cl : Command line warning D9028: minimal rebuild failure, reverting to normal build
         Compiling...
         main.cpp
         Generating Code...
       Link:
         C:\Program Files (x86)\Microsoft Visual Studio 12.0\VC\bin\link.exe /ERRORREPORT:PROMPT /OUT:"C:\Users\wizel\Documents\CS3113\Platformer\Debug\NYUCodebase.exe" /INCREMENTAL /NOLOGO /LIBPATH:C:\SDL2_mixer\lib\x86 /LIBPATH:C:\SDL2\lib\x86 /LIBPATH:C:\SDL2_image\lib\x86 /LIBPATH:C:\glew\lib\Release\Win32 SDL2.lib SDL2_mixer.lib glew32.lib SDL2main.lib SDL2_image.lib OpenGL32.lib /MANIFEST /MANIFESTUAC:"level='asInvoker' uiAccess='false'" /manifest:embed /DEBUG /PDB:"C:\Users\wizel\Documents\CS3113\Platformer\Debug\NYUCodebase.pdb" /SUBSYSTEM:WINDOWS /TLBID:1 /DYNAMICBASE /NXCOMPAT /IMPLIB:"C:\Users\wizel\Documents\CS3113\Platformer\Debug\NYUCodebase.lib" /MACHINE:X86 Debug\Entity.obj
         Debug\Game.obj
         Debug\main.obj
         Debug\Matrix.obj
         Debug\ShaderProgram.obj
         Debug\SheetSprite.obj
         NYUCodebase.vcxproj -> C:\Users\wizel\Documents\CS3113\Platformer\Debug\NYUCodebase.exe
     1>Done Building Project "C:\Users\wizel\Documents\CS3113\Platformer\NYUCodebase\NYUCodebase.vcxproj" (Build target(s)).

Build succeeded.

Time Elapsed 00:00:02.00
