Build started 12/17/2015 2:48:15 AM.
     1>Project "C:\Users\wizel\Documents\UpToMe\FINALPROJECT\NYUCodebase\NYUCodebase.vcxproj" on node 2 (Build target(s)).
     1>ClCompile:
         C:\Program Files (x86)\Microsoft Visual Studio 12.0\VC\bin\CL.exe /c /IC:\SDL2\include /IC:\SDL2_image\include /IC:\glew\include /IC:\SDL2_mixer\include /ZI /nologo /W3 /WX- /sdl /Od /Oy- /D _WINDOWS /D _MBCS /D _MBCS /Gm /EHsc /RTC1 /MDd /GS /fp:precise /Zc:wchar_t /Zc:forScope /Fo"Debug\\" /Fd"Debug\vc120.pdb" /Gd /TP /analyze- /errorReport:prompt Game.cpp
         Game.cpp
     1>c:\users\wizel\documents\uptome\finalproject\nyucodebase\game.cpp(151): warning C4244: 'initializing' : conversion from 'double' to 'float', possible loss of data
     1>c:\users\wizel\documents\uptome\finalproject\nyucodebase\game.cpp(274): warning C4244: '-=' : conversion from 'double' to 'float', possible loss of data
     1>c:\users\wizel\documents\uptome\finalproject\nyucodebase\game.cpp(275): warning C4244: '-=' : conversion from 'double' to 'float', possible loss of data
     1>c:\users\wizel\documents\uptome\finalproject\nyucodebase\game.cpp(276): warning C4244: '+=' : conversion from 'double' to 'float', possible loss of data
     1>c:\users\wizel\documents\uptome\finalproject\nyucodebase\game.cpp(309): warning C4244: '=' : conversion from 'double' to 'float', possible loss of data
     1>c:\users\wizel\documents\uptome\finalproject\nyucodebase\game.cpp(313): warning C4244: 'argument' : conversion from 'double' to 'float', possible loss of data
       Link:
         C:\Program Files (x86)\Microsoft Visual Studio 12.0\VC\bin\link.exe /ERRORREPORT:PROMPT /OUT:"C:\Users\wizel\Documents\UpToMe\FINALPROJECT\Debug\NYUCodebase.exe" /INCREMENTAL /NOLOGO /LIBPATH:C:\SDL2_mixer\lib\x86 /LIBPATH:C:\SDL2\lib\x86 /LIBPATH:C:\SDL2_image\lib\x86 /LIBPATH:C:\glew\lib\Release\Win32 SDL2.lib SDL2_mixer.lib glew32.lib SDL2main.lib SDL2_image.lib OpenGL32.lib /MANIFEST /MANIFESTUAC:"level='asInvoker' uiAccess='false'" /manifest:embed /DEBUG /PDB:"C:\Users\wizel\Documents\UpToMe\FINALPROJECT\Debug\NYUCodebase.pdb" /SUBSYSTEM:WINDOWS /TLBID:1 /DYNAMICBASE /NXCOMPAT /IMPLIB:"C:\Users\wizel\Documents\UpToMe\FINALPROJECT\Debug\NYUCodebase.lib" /MACHINE:X86 Debug\Entity.obj
         Debug\Game.obj
         Debug\main.obj
         Debug\Matrix.obj
         Debug\ShaderProgram.obj
         Debug\SheetSprite.obj
         NYUCodebase.vcxproj -> C:\Users\wizel\Documents\UpToMe\FINALPROJECT\Debug\NYUCodebase.exe
     1>Done Building Project "C:\Users\wizel\Documents\UpToMe\FINALPROJECT\NYUCodebase\NYUCodebase.vcxproj" (Build target(s)).

Build succeeded.

Time Elapsed 00:00:00.87
